[08/25/2022 09:49:55] Debug: Session id: a8dfdc68-99a6-4404-9ec0-1363fecd0cae
[08/25/2022 09:49:55] Debug: Code Processor information: Name :SnowConvert, Version: 7.11.102.0
[08/25/2022 09:49:56] Debug: Getting license
[08/25/2022 09:49:56] Debug: License information
	Status: Failed
	Message: No active license available.
[08/25/2022 09:49:56] Info: Starting to validate parameters
[08/25/2022 09:49:56] Info: Parameters to validate: 
	Execution mode: Conversion
	LICENSE_KEY: a3372138-b87e-4a08-b929-3b48b24c63f1
[08/25/2022 09:49:56] Info: Validation of parameters: Success
[08/25/2022 09:49:56] Debug: Getting code descriptor
[08/25/2022 09:49:56] Debug: Code descriptor information
	Units: 51
	Units type: LOC
	All file bytes: 2141
	All found extensions: .sql,.dml,.ddl,.bteq,.btq,.fl,.fload,.ml,.mload,.mld,.tp,.tpump,.tpt
[08/25/2022 09:49:56] Debug: Calculating fingerprint
[08/25/2022 09:49:56] Debug: Fingerprint information Fingerprint(size=2141,projects=1)
[08/25/2022 09:49:56] Info: Starting to try to validate online license for execution
[08/25/2022 09:50:00] Debug: Getting license
[08/25/2022 09:50:00] Debug: License information
	Status: Failed
	Message: No active license available.
[08/25/2022 09:50:00] Debug: Starting the execution of the controller
[08/25/2022 09:50:01] Debug: Executing the worker: SnowConvert
[08/25/2022 09:50:13] Debug: Finished executing the worker: SnowConvert
[08/25/2022 09:50:15] Info: Controller execution ended
